<?xml version="1.0" encoding="UTF-8"?>
<testsuite xmlns:xsi="http://www.w3.org/2001/XMLSchema-instance" xsi:noNamespaceSchemaLocation="https://maven.apache.org/surefire/maven-surefire-plugin/xsd/surefire-test-report.xsd" version="3.0.2" name="com.franco.gestao_financeira.GestaoFinanceiraApplicationTests" time="6.334" tests="1" errors="0" skipped="0" failures="0">
  <properties>
[...]
</properties>
  <testcase name="contextLoads" classname="com.franco.gestao_financeira.GestaoFinanceiraApplicationTests" time="0.53">
    <system-out><![CDATA[21:37:37.896 [main] INFO org.springframework.test.context.support.AnnotationConfigContextLoaderUtils -- Could not detect default configuration classes for test class [com.franco.gestao_financeira.GestaoFinanceiraApplicationTests]: GestaoFinanceiraApplicationTests does not declare any static, non-private, non-final, nested classes annotated with @Configuration.
21:37:38.099 [main] INFO org.springframework.boot.test.context.SpringBootTestContextBootstrapper -- Found @SpringBootConfiguration com.franco.gestao_financeira.GestaoFinanceiraApplication for test class com.franco.gestao_financeira.GestaoFinanceiraApplicationTests
21:37:38.346 [main] INFO org.springframework.boot.devtools.restart.RestartApplicationListener -- Restart disabled due to context in which it is running

  .   ____          _            __ _ _
 /\\ / ___'_ __ _ _(_)_ __  __ _ \ \ \ \
( ( )\___ | '_ | '_| | '_ \/ _` | \ \ \ \
 \\/  ___)| |_)| | | | | || (_| |  ) ) ) )
  '  |____| .__|_| |_|_| |_\__, | / / / /
 =========|_|==============|___/=/_/_/_/

 :: Spring Boot ::                (v3.5.6)

2025-11-19T21:37:38.816-03:00  INFO 35130 --- [gestao-financeira] [           main] c.f.g.GestaoFinanceiraApplicationTests   : Starting GestaoFinanceiraApplicationTests using Java 21.0.8 with PID 35130 (started by franc in /home/franc/projects/gestao-financeira/backend)
2025-11-19T21:37:38.818-03:00  INFO 35130 --- [gestao-financeira] [           main] c.f.g.GestaoFinanceiraApplicationTests   : No active profile set, falling back to 1 default profile: "default"
2025-11-19T21:37:39.884-03:00  INFO 35130 --- [gestao-financeira] [           main] .s.d.r.c.RepositoryConfigurationDelegate : Bootstrapping Spring Data JPA repositories in DEFAULT mode.
2025-11-19T21:37:39.912-03:00  INFO 35130 --- [gestao-financeira] [           main] .s.d.r.c.RepositoryConfigurationDelegate : Finished Spring Data repository scanning in 16 ms. Found 0 JPA repository interfaces.
2025-11-19T21:37:40.561-03:00  INFO 35130 --- [gestao-financeira] [           main] com.zaxxer.hikari.HikariDataSource       : HikariPool-1 - Starting...
2025-11-19T21:37:40.854-03:00  INFO 35130 --- [gestao-financeira] [           main] com.zaxxer.hikari.pool.HikariPool        : HikariPool-1 - Added connection org.postgresql.jdbc.PgConnection@b917b5e
2025-11-19T21:37:40.856-03:00  INFO 35130 --- [gestao-financeira] [           main] com.zaxxer.hikari.HikariDataSource       : HikariPool-1 - Start completed.
2025-11-19T21:37:40.907-03:00  INFO 35130 --- [gestao-financeira] [           main] org.flywaydb.core.FlywayExecutor         : Database: jdbc:postgresql://172.18.112.1:5432/gestao_financeira (PostgreSQL 18.0)
2025-11-19T21:37:40.982-03:00  INFO 35130 --- [gestao-financeira] [           main] o.f.core.internal.command.DbValidate     : Successfully validated 1 migration (execution time 00:00.040s)
2025-11-19T21:37:41.151-03:00  INFO 35130 --- [gestao-financeira] [           main] o.f.core.internal.command.DbMigrate      : Current version of schema "public": 001
2025-11-19T21:37:41.155-03:00  INFO 35130 --- [gestao-financeira] [           main] o.f.core.internal.command.DbMigrate      : Schema "public" is up to date. No migration necessary.
2025-11-19T21:37:41.297-03:00  INFO 35130 --- [gestao-financeira] [           main] o.hibernate.jpa.internal.util.LogHelper  : HHH000204: Processing PersistenceUnitInfo [name: default]
2025-11-19T21:37:41.379-03:00  INFO 35130 --- [gestao-financeira] [           main] org.hibernate.Version                    : HHH000412: Hibernate ORM core version 6.6.29.Final
2025-11-19T21:37:41.435-03:00  INFO 35130 --- [gestao-financeira] [           main] o.h.c.internal.RegionFactoryInitiator    : HHH000026: Second-level cache disabled
2025-11-19T21:37:41.889-03:00  INFO 35130 --- [gestao-financeira] [           main] o.s.o.j.p.SpringPersistenceUnitInfo      : No LoadTimeWeaver setup: ignoring JPA class transformer
2025-11-19T21:37:41.970-03:00  WARN 35130 --- [gestao-financeira] [           main] org.hibernate.orm.deprecation            : HHH90000025: PostgreSQLDialect does not need to be specified explicitly using 'hibernate.dialect' (remove the property setting and it will be selected by default)
2025-11-19T21:37:41.990-03:00  INFO 35130 --- [gestao-financeira] [           main] org.hibernate.orm.connections.pooling    : HHH10001005: Database info:
	Database JDBC URL [Connecting through datasource 'HikariDataSource (HikariPool-1)']
	Database driver: undefined/unknown
	Database version: 18.0
	Autocommit mode: undefined/unknown
	Isolation level: undefined/unknown
	Minimum pool size: undefined/unknown
	Maximum pool size: undefined/unknown
2025-11-19T21:37:42.459-03:00  INFO 35130 --- [gestao-financeira] [           main] o.h.e.t.j.p.i.JtaPlatformInitiator       : HHH000489: No JTA platform available (set 'hibernate.transaction.jta.platform' to enable JTA platform integration)
2025-11-19T21:37:42.465-03:00  INFO 35130 --- [gestao-financeira] [           main] j.LocalContainerEntityManagerFactoryBean : Initialized JPA EntityManagerFactory for persistence unit 'default'
2025-11-19T21:37:42.726-03:00  WARN 35130 --- [gestao-financeira] [           main] JpaBaseConfiguration$JpaWebConfiguration : spring.jpa.open-in-view is enabled by default. Therefore, database queries may be performed during view rendering. Explicitly configure spring.jpa.open-in-view to disable this warning
2025-11-19T21:37:43.343-03:00  INFO 35130 --- [gestao-financeira] [           main] c.f.g.GestaoFinanceiraApplicationTests   : Started GestaoFinanceiraApplicationTests in 5.014 seconds (process running for 6.707)
]]></system-out>
    <system-err><![CDATA[Mockito is currently self-attaching to enable the inline-mock-maker. This will no longer work in future releases of the JDK. Please add Mockito as an agent to your build as described in Mockito's documentation: https://javadoc.io/doc/org.mockito/mockito-core/latest/org.mockito/org/mockito/Mockito.html#0.3
WARNING: A Java agent has been loaded dynamically (/home/franc/.m2/repository/net/bytebuddy/byte-buddy-agent/1.17.7/byte-buddy-agent-1.17.7.jar)
WARNING: If a serviceability tool is in use, please run with -XX:+EnableDynamicAgentLoading to hide this warning
WARNING: If a serviceability tool is not in use, please run with -Djdk.instrument.traceUsage for more information
WARNING: Dynamic loading of agents will be disallowed by default in a future release
]]></system-err>
  </testcase>
</testsuite>